frontend/app/build/intermediates/manifest_merge_blame_file/debug/manifest-merger-blame-debug-report.txt
1<?xml version="1.0" encoding="utf-8"?>
2<manifest xmlns:android="http://schemas.android.com/apk/res/android"
3    package="kr.ac.kpu.green_us"
4    android:versionCode="1"
5    android:versionName="1.0" >
6
7    <uses-sdk
8        android:minSdkVersion="31"
8-->src\main\AndroidManifest.xml
9        android:targetSdkVersion="33" />
9-->src\main\AndroidManifest.xml
10
11    <uses-permission android:name="android.permission.CAMERA" />
11-->src\main\AndroidManifest.xml:5:5-65
11-->src\main\AndroidManifest.xml:5:22-62
12    <uses-permission android:name="android.permission.READ_MEDIA_IMAGES" />
12-->src\main\AndroidManifest.xml:6:5-76
12-->src\main\AndroidManifest.xml:6:22-73
13    <uses-permission android:name="android.permission.ACTIVITY_RECOGNITION" />
13-->src\main\AndroidManifest.xml:7:5-79
13-->src\main\AndroidManifest.xml:7:22-76
14
15    <uses-feature android:name="android.hardware.SensorEventListener" />
15-->src\main\AndroidManifest.xml:9:5-72
15-->src\main\AndroidManifest.xml:9:19-70
16    <uses-feature
16-->src\main\AndroidManifest.xml:10:5-12:35
17        android:name="android.hardware.camera"
17-->src\main\AndroidManifest.xml:11:9-47
18        android:required="true" />
18-->src\main\AndroidManifest.xml:12:9-32
19
20    <uses-permission android:name="android.permission.INTERNET" />
20-->src\main\AndroidManifest.xml:14:5-67
20-->src\main\AndroidManifest.xml:14:22-64
21    <uses-permission android:name="android.permission.ACCESS_NETWORK_STATE" />
21-->[com.google.android.gms:play-services-measurement-api:22.0.2] AndroidManifest.xml:23:5-79
21-->[com.google.android.gms:play-services-measurement-api:22.0.2] AndroidManifest.xml:23:22-76
22    <uses-permission android:name="android.permission.WAKE_LOCK" />
22-->[com.google.android.gms:play-services-measurement-api:22.0.2] AndroidManifest.xml:24:5-68
22-->[com.google.android.gms:play-services-measurement-api:22.0.2] AndroidManifest.xml:24:22-65
23    <uses-permission android:name="com.google.android.gms.permission.AD_ID" />
23-->[com.google.android.gms:play-services-measurement-api:22.0.2] AndroidManifest.xml:25:5-79
23-->[com.google.android.gms:play-services-measurement-api:22.0.2] AndroidManifest.xml:25:22-76
24    <uses-permission android:name="android.permission.ACCESS_ADSERVICES_ATTRIBUTION" />
24-->[com.google.android.gms:play-services-measurement-api:22.0.2] AndroidManifest.xml:26:5-88
24-->[com.google.android.gms:play-services-measurement-api:22.0.2] AndroidManifest.xml:26:22-85
25    <uses-permission android:name="android.permission.ACCESS_ADSERVICES_AD_ID" />
25-->[com.google.android.gms:play-services-measurement-api:22.0.2] AndroidManifest.xml:27:5-82
25-->[com.google.android.gms:play-services-measurement-api:22.0.2] AndroidManifest.xml:27:22-79
26    <uses-permission android:name="com.google.android.finsky.permission.BIND_GET_INSTALL_REFERRER_SERVICE" />
26-->[com.google.android.gms:play-services-measurement:22.0.2] AndroidManifest.xml:26:5-110
26-->[com.google.android.gms:play-services-measurement:22.0.2] AndroidManifest.xml:26:22-107
27    <uses-permission android:name="com.google.android.providers.gsf.permission.READ_GSERVICES" />
27-->[com.google.android.recaptcha:recaptcha:18.4.0] AndroidManifest.xml:9:5-98
27-->[com.google.android.recaptcha:recaptcha:18.4.0] AndroidManifest.xml:9:22-95
28
29    <permission
29-->[androidx.core:core:1.13.0] AndroidManifest.xml:22:5-24:47
30        android:name="kr.ac.kpu.green_us.DYNAMIC_RECEIVER_NOT_EXPORTED_PERMISSION"
30-->[androidx.core:core:1.13.0] AndroidManifest.xml:23:9-81
31        android:protectionLevel="signature" />
31-->[androidx.core:core:1.13.0] AndroidManifest.xml:24:9-44
32
33    <uses-permission android:name="kr.ac.kpu.green_us.DYNAMIC_RECEIVER_NOT_EXPORTED_PERMISSION" />
33-->[androidx.core:core:1.13.0] AndroidManifest.xml:26:5-97
33-->[androidx.core:core:1.13.0] AndroidManifest.xml:26:22-94
34
35    <application
35-->src\main\AndroidManifest.xml:16:5-116:19
36        android:allowBackup="true"
36-->src\main\AndroidManifest.xml:17:9-35
37        android:appComponentFactory="androidx.core.app.CoreComponentFactory"
37-->[androidx.core:core:1.13.0] AndroidManifest.xml:28:18-86
38        android:dataExtractionRules="@xml/data_extraction_rules"
38-->src\main\AndroidManifest.xml:18:9-65
39        android:debuggable="true"
40        android:extractNativeLibs="false"
41        android:fullBackupContent="@xml/backup_rules"
41-->src\main\AndroidManifest.xml:19:9-54
42        android:icon="@mipmap/ic_launcher"
42-->src\main\AndroidManifest.xml:20:9-43
43        android:label="@string/app_name"
43-->src\main\AndroidManifest.xml:21:9-41
44        android:requestLegacyExternalStorage="true"
44-->src\main\AndroidManifest.xml:22:9-52
45        android:supportsRtl="true"
45-->src\main\AndroidManifest.xml:23:9-35
46        android:testOnly="true"
47        android:theme="@style/Theme.Green_us"
47-->src\main\AndroidManifest.xml:24:9-46
48        android:usesCleartextTraffic="true" >
48-->src\main\AndroidManifest.xml:25:9-44
49        <activity
49-->src\main\AndroidManifest.xml:27:9-29:40
50            android:name="kr.ac.kpu.green_us.MyReviewWriteActivity"
50-->src\main\AndroidManifest.xml:28:13-50
51            android:exported="false" />
51-->src\main\AndroidManifest.xml:29:13-37
52        <activity
52-->src\main\AndroidManifest.xml:30:9-32:40
53            android:name="kr.ac.kpu.green_us.GreenOpenActivity"
53-->src\main\AndroidManifest.xml:31:13-46
54            android:exported="false" />
54-->src\main\AndroidManifest.xml:32:13-37
55        <activity
55-->src\main\AndroidManifest.xml:33:9-35:40
56            android:name="kr.ac.kpu.green_us.FaqActivity"
56-->src\main\AndroidManifest.xml:34:13-40
57            android:exported="false" />
57-->src\main\AndroidManifest.xml:35:13-37
58        <activity
58-->src\main\AndroidManifest.xml:36:9-38:40
59            android:name="kr.ac.kpu.green_us.PointWithdrawActivity"
59-->src\main\AndroidManifest.xml:37:13-50
60            android:exported="false" />
60-->src\main\AndroidManifest.xml:38:13-37
61        <activity
61-->src\main\AndroidManifest.xml:39:9-41:40
62            android:name="kr.ac.kpu.green_us.MyGreenIngMoreActivity"
62-->src\main\AndroidManifest.xml:40:13-51
63            android:exported="false" />
63-->src\main\AndroidManifest.xml:41:13-37
64        <activity
64-->src\main\AndroidManifest.xml:42:9-44:40
65            android:name="kr.ac.kpu.green_us.MyGreenEndMoreActivity"
65-->src\main\AndroidManifest.xml:43:13-51
66            android:exported="false" />
66-->src\main\AndroidManifest.xml:44:13-37
67        <activity
67-->src\main\AndroidManifest.xml:45:9-49:65
68            android:name="kr.ac.kpu.green_us.FindPwActivity"
68-->src\main\AndroidManifest.xml:46:13-43
69            android:exported="false"
69-->src\main\AndroidManifest.xml:47:13-37
70            android:label="@string/title_activity_find_pw"
70-->src\main\AndroidManifest.xml:48:13-59
71            android:theme="@style/Theme.Green_us.NoActionBar" />
71-->src\main\AndroidManifest.xml:49:13-62
72        <activity
72-->src\main\AndroidManifest.xml:50:9-54:65
73            android:name="kr.ac.kpu.green_us.FindEmailActivity"
73-->src\main\AndroidManifest.xml:51:13-46
74            android:exported="false"
74-->src\main\AndroidManifest.xml:52:13-37
75            android:label="@string/title_activity_find_email"
75-->src\main\AndroidManifest.xml:53:13-62
76            android:theme="@style/Theme.Green_us.NoActionBar" />
76-->src\main\AndroidManifest.xml:54:13-62
77        <activity
77-->src\main\AndroidManifest.xml:55:9-59:65
78            android:name="kr.ac.kpu.green_us.FindEmail2Activity"
78-->src\main\AndroidManifest.xml:56:13-47
79            android:exported="false"
79-->src\main\AndroidManifest.xml:57:13-37
80            android:label="@string/title_activity_find_email"
80-->src\main\AndroidManifest.xml:58:13-62
81            android:theme="@style/Theme.Green_us.NoActionBar" />
81-->src\main\AndroidManifest.xml:59:13-62
82        <activity
82-->src\main\AndroidManifest.xml:60:9-64:65
83            android:name="kr.ac.kpu.green_us.FindEmailCompltActivity"
83-->src\main\AndroidManifest.xml:61:13-52
84            android:exported="false"
84-->src\main\AndroidManifest.xml:62:13-37
85            android:label="@string/title_activity_find_email"
85-->src\main\AndroidManifest.xml:63:13-62
86            android:theme="@style/Theme.Green_us.NoActionBar" />
86-->src\main\AndroidManifest.xml:64:13-62
87        <activity
87-->src\main\AndroidManifest.xml:65:9-74:20
88            android:name="kr.ac.kpu.green_us.SplashActivity"
88-->src\main\AndroidManifest.xml:66:13-43
89            android:exported="true"
89-->src\main\AndroidManifest.xml:67:13-36
90            android:theme="@style/Theme.Green_us" >
90-->src\main\AndroidManifest.xml:68:13-50
91            <intent-filter>
91-->src\main\AndroidManifest.xml:69:13-73:29
92                <action android:name="android.intent.action.MAIN" />
92-->src\main\AndroidManifest.xml:70:17-69
92-->src\main\AndroidManifest.xml:70:25-66
93
94                <category android:name="android.intent.category.LAUNCHER" />
94-->src\main\AndroidManifest.xml:72:17-77
94-->src\main\AndroidManifest.xml:72:27-74
95            </intent-filter>
96        </activity>
97        <activity
97-->src\main\AndroidManifest.xml:76:9-80:53
98            android:name="kr.ac.kpu.green_us.JoinActivity"
98-->src\main\AndroidManifest.xml:77:13-41
99            android:exported="false"
99-->src\main\AndroidManifest.xml:78:13-37
100            android:label="@string/title_activity_join"
100-->src\main\AndroidManifest.xml:79:13-56
101            android:theme="@style/Theme.Green_us" />
101-->src\main\AndroidManifest.xml:80:13-50
102        <activity android:name="kr.ac.kpu.green_us.MainActivity" />
102-->src\main\AndroidManifest.xml:82:9-50
102-->src\main\AndroidManifest.xml:82:19-47
103        <activity
103-->src\main\AndroidManifest.xml:83:9-85:40
104            android:name="kr.ac.kpu.green_us.LoginActivity"
104-->src\main\AndroidManifest.xml:84:13-42
105            android:exported="false" />
105-->src\main\AndroidManifest.xml:85:13-37
106        <activity
106-->src\main\AndroidManifest.xml:86:9-88:40
107            android:name="kr.ac.kpu.green_us.MyProfileActivity"
107-->src\main\AndroidManifest.xml:87:13-46
108            android:exported="false" />
108-->src\main\AndroidManifest.xml:88:13-37
109        <activity
109-->src\main\AndroidManifest.xml:89:9-91:40
110            android:name="kr.ac.kpu.green_us.MyProfileEditActivity"
110-->src\main\AndroidManifest.xml:90:13-50
111            android:exported="false" />
111-->src\main\AndroidManifest.xml:91:13-37
112        <activity
112-->src\main\AndroidManifest.xml:92:9-94:40
113            android:name="kr.ac.kpu.green_us.CameraGalleryActivity"
113-->src\main\AndroidManifest.xml:93:13-50
114            android:exported="false" />
114-->src\main\AndroidManifest.xml:94:13-37
115        <activity
115-->src\main\AndroidManifest.xml:95:9-97:40
116            android:name="kr.ac.kpu.green_us.DeleteCheckActivity"
116-->src\main\AndroidManifest.xml:96:13-48
117            android:exported="false" />
117-->src\main\AndroidManifest.xml:97:13-37
118        <activity
118-->src\main\AndroidManifest.xml:98:9-100:40
119            android:name="kr.ac.kpu.green_us.PointActivity"
119-->src\main\AndroidManifest.xml:99:13-42
120            android:exported="false" />
120-->src\main\AndroidManifest.xml:100:13-37
121        <activity
121-->src\main\AndroidManifest.xml:101:9-103:40
122            android:name="kr.ac.kpu.green_us.NoticeActivity"
122-->src\main\AndroidManifest.xml:102:13-43
123            android:exported="false" />
123-->src\main\AndroidManifest.xml:103:13-37
124        <activity
124-->src\main\AndroidManifest.xml:104:9-106:40
125            android:name="kr.ac.kpu.green_us.MyReviewActivity"
125-->src\main\AndroidManifest.xml:105:13-45
126            android:exported="false" />
126-->src\main\AndroidManifest.xml:106:13-37
127        <activity
127-->src\main\AndroidManifest.xml:107:9-109:40
128            android:name="kr.ac.kpu.green_us.GreeningDetailActivity"
128-->src\main\AndroidManifest.xml:108:13-51
129            android:exported="false" />
129-->src\main\AndroidManifest.xml:109:13-37
130        <activity
130-->src\main\AndroidManifest.xml:110:9-112:40
131            android:name="kr.ac.kpu.green_us.GreeningDetailSubActivity"
131-->src\main\AndroidManifest.xml:111:13-54
132            android:exported="false" />
132-->src\main\AndroidManifest.xml:112:13-37
133        <activity
133-->src\main\AndroidManifest.xml:113:9-115:39
134            android:name="kr.ac.kpu.green_us.PedometerActivity"
134-->src\main\AndroidManifest.xml:114:13-46
135            android:exported="false" />
135-->src\main\AndroidManifest.xml:115:13-37
136
137        <service
137-->[com.google.firebase:firebase-auth-ktx:23.0.0] AndroidManifest.xml:8:9-14:19
138            android:name="com.google.firebase.components.ComponentDiscoveryService"
138-->[com.google.firebase:firebase-auth-ktx:23.0.0] AndroidManifest.xml:9:13-84
139            android:directBootAware="true"
139-->[com.google.firebase:firebase-common:21.0.0] AndroidManifest.xml:32:13-43
140            android:exported="false" >
140-->[com.google.firebase:firebase-auth-ktx:23.0.0] AndroidManifest.xml:10:13-37
141            <meta-data
141-->[com.google.firebase:firebase-auth-ktx:23.0.0] AndroidManifest.xml:11:13-13:85
142                android:name="com.google.firebase.components:com.google.firebase.auth.ktx.FirebaseAuthLegacyRegistrar"
142-->[com.google.firebase:firebase-auth-ktx:23.0.0] AndroidManifest.xml:12:17-119
143                android:value="com.google.firebase.components.ComponentRegistrar" />
143-->[com.google.firebase:firebase-auth-ktx:23.0.0] AndroidManifest.xml:13:17-82
144            <meta-data
144-->[com.google.android.gms:play-services-measurement-api:22.0.2] AndroidManifest.xml:37:13-39:85
145                android:name="com.google.firebase.components:com.google.firebase.analytics.connector.internal.AnalyticsConnectorRegistrar"
145-->[com.google.android.gms:play-services-measurement-api:22.0.2] AndroidManifest.xml:38:17-139
146                android:value="com.google.firebase.components.ComponentRegistrar" />
146-->[com.google.android.gms:play-services-measurement-api:22.0.2] AndroidManifest.xml:39:17-82
147            <meta-data
147-->[com.google.firebase:firebase-auth:23.0.0] AndroidManifest.xml:69:13-71:85
148                android:name="com.google.firebase.components:com.google.firebase.auth.FirebaseAuthRegistrar"
148-->[com.google.firebase:firebase-auth:23.0.0] AndroidManifest.xml:70:17-109
149                android:value="com.google.firebase.components.ComponentRegistrar" />
149-->[com.google.firebase:firebase-auth:23.0.0] AndroidManifest.xml:71:17-82
150            <meta-data
150-->[com.google.firebase:firebase-installations:18.0.0] AndroidManifest.xml:15:13-17:85
151                android:name="com.google.firebase.components:com.google.firebase.installations.FirebaseInstallationsKtxRegistrar"
151-->[com.google.firebase:firebase-installations:18.0.0] AndroidManifest.xml:16:17-130
152                android:value="com.google.firebase.components.ComponentRegistrar" />
152-->[com.google.firebase:firebase-installations:18.0.0] AndroidManifest.xml:17:17-82
153            <meta-data
153-->[com.google.firebase:firebase-installations:18.0.0] AndroidManifest.xml:18:13-20:85
154                android:name="com.google.firebase.components:com.google.firebase.installations.FirebaseInstallationsRegistrar"
154-->[com.google.firebase:firebase-installations:18.0.0] AndroidManifest.xml:19:17-127
155                android:value="com.google.firebase.components.ComponentRegistrar" />
155-->[com.google.firebase:firebase-installations:18.0.0] AndroidManifest.xml:20:17-82
156            <meta-data
156-->[com.google.firebase:firebase-common-ktx:21.0.0] AndroidManifest.xml:12:13-14:85
157                android:name="com.google.firebase.components:com.google.firebase.ktx.FirebaseCommonLegacyRegistrar"
157-->[com.google.firebase:firebase-common-ktx:21.0.0] AndroidManifest.xml:13:17-116
158                android:value="com.google.firebase.components.ComponentRegistrar" />
158-->[com.google.firebase:firebase-common-ktx:21.0.0] AndroidManifest.xml:14:17-82
159            <meta-data
159-->[com.google.firebase:firebase-common:21.0.0] AndroidManifest.xml:35:13-37:85
160                android:name="com.google.firebase.components:com.google.firebase.FirebaseCommonKtxRegistrar"
160-->[com.google.firebase:firebase-common:21.0.0] AndroidManifest.xml:36:17-109
161                android:value="com.google.firebase.components.ComponentRegistrar" />
161-->[com.google.firebase:firebase-common:21.0.0] AndroidManifest.xml:37:17-82
162        </service>
163
164        <property
164-->[com.google.android.gms:play-services-measurement-api:22.0.2] AndroidManifest.xml:30:9-32:61
165            android:name="android.adservices.AD_SERVICES_CONFIG"
165-->[com.google.android.gms:play-services-measurement-api:22.0.2] AndroidManifest.xml:31:13-65
166            android:resource="@xml/ga_ad_services_config" />
166-->[com.google.android.gms:play-services-measurement-api:22.0.2] AndroidManifest.xml:32:13-58
167
168        <activity
168-->[com.google.firebase:firebase-auth:23.0.0] AndroidManifest.xml:29:9-46:20
169            android:name="com.google.firebase.auth.internal.GenericIdpActivity"
169-->[com.google.firebase:firebase-auth:23.0.0] AndroidManifest.xml:30:13-80
170            android:excludeFromRecents="true"
170-->[com.google.firebase:firebase-auth:23.0.0] AndroidManifest.xml:31:13-46
171            android:exported="true"
171-->[com.google.firebase:firebase-auth:23.0.0] AndroidManifest.xml:32:13-36
172            android:launchMode="singleTask"
172-->[com.google.firebase:firebase-auth:23.0.0] AndroidManifest.xml:33:13-44
173            android:theme="@android:style/Theme.Translucent.NoTitleBar" >
173-->[com.google.firebase:firebase-auth:23.0.0] AndroidManifest.xml:34:13-72
174            <intent-filter>
174-->[com.google.firebase:firebase-auth:23.0.0] AndroidManifest.xml:35:13-45:29
175                <action android:name="android.intent.action.VIEW" />
175-->[com.google.firebase:firebase-auth:23.0.0] AndroidManifest.xml:36:17-69
175-->[com.google.firebase:firebase-auth:23.0.0] AndroidManifest.xml:36:25-66
176
177                <category android:name="android.intent.category.DEFAULT" />
177-->[com.google.firebase:firebase-auth:23.0.0] AndroidManifest.xml:38:17-76
177-->[com.google.firebase:firebase-auth:23.0.0] AndroidManifest.xml:38:27-73
178                <category android:name="android.intent.category.BROWSABLE" />
178-->[com.google.firebase:firebase-auth:23.0.0] AndroidManifest.xml:39:17-78
178-->[com.google.firebase:firebase-auth:23.0.0] AndroidManifest.xml:39:27-75
179
180                <data
180-->[com.google.firebase:firebase-auth:23.0.0] AndroidManifest.xml:41:17-44:51
181                    android:host="firebase.auth"
181-->[com.google.firebase:firebase-auth:23.0.0] AndroidManifest.xml:42:21-49
182                    android:path="/"
182-->[com.google.firebase:firebase-auth:23.0.0] AndroidManifest.xml:43:21-37
183                    android:scheme="genericidp" />
183-->[com.google.firebase:firebase-auth:23.0.0] AndroidManifest.xml:44:21-48
184            </intent-filter>
185        </activity>
186        <activity
186-->[com.google.firebase:firebase-auth:23.0.0] AndroidManifest.xml:47:9-64:20
187            android:name="com.google.firebase.auth.internal.RecaptchaActivity"
187-->[com.google.firebase:firebase-auth:23.0.0] AndroidManifest.xml:48:13-79
188            android:excludeFromRecents="true"
188-->[com.google.firebase:firebase-auth:23.0.0] AndroidManifest.xml:49:13-46
189            android:exported="true"
189-->[com.google.firebase:firebase-auth:23.0.0] AndroidManifest.xml:50:13-36
190            android:launchMode="singleTask"
190-->[com.google.firebase:firebase-auth:23.0.0] AndroidManifest.xml:51:13-44
191            android:theme="@android:style/Theme.Translucent.NoTitleBar" >
191-->[com.google.firebase:firebase-auth:23.0.0] AndroidManifest.xml:52:13-72
192            <intent-filter>
192-->[com.google.firebase:firebase-auth:23.0.0] AndroidManifest.xml:53:13-63:29
193                <action android:name="android.intent.action.VIEW" />
193-->[com.google.firebase:firebase-auth:23.0.0] AndroidManifest.xml:36:17-69
193-->[com.google.firebase:firebase-auth:23.0.0] AndroidManifest.xml:36:25-66
194
195                <category android:name="android.intent.category.DEFAULT" />
195-->[com.google.firebase:firebase-auth:23.0.0] AndroidManifest.xml:38:17-76
195-->[com.google.firebase:firebase-auth:23.0.0] AndroidManifest.xml:38:27-73
196                <category android:name="android.intent.category.BROWSABLE" />
196-->[com.google.firebase:firebase-auth:23.0.0] AndroidManifest.xml:39:17-78
196-->[com.google.firebase:firebase-auth:23.0.0] AndroidManifest.xml:39:27-75
197
198                <data
198-->[com.google.firebase:firebase-auth:23.0.0] AndroidManifest.xml:41:17-44:51
199                    android:host="firebase.auth"
199-->[com.google.firebase:firebase-auth:23.0.0] AndroidManifest.xml:42:21-49
200                    android:path="/"
200-->[com.google.firebase:firebase-auth:23.0.0] AndroidManifest.xml:43:21-37
201                    android:scheme="recaptcha" />
201-->[com.google.firebase:firebase-auth:23.0.0] AndroidManifest.xml:44:21-48
202            </intent-filter>
203        </activity>
204
205        <service
205-->[androidx.credentials:credentials-play-services-auth:1.2.0-rc01] AndroidManifest.xml:24:9-32:19
206            android:name="androidx.credentials.playservices.CredentialProviderMetadataHolder"
206-->[androidx.credentials:credentials-play-services-auth:1.2.0-rc01] AndroidManifest.xml:25:13-94
207            android:enabled="true"
207-->[androidx.credentials:credentials-play-services-auth:1.2.0-rc01] AndroidManifest.xml:26:13-35
208            android:exported="false" >
208-->[androidx.credentials:credentials-play-services-auth:1.2.0-rc01] AndroidManifest.xml:27:13-37
209            <meta-data
209-->[androidx.credentials:credentials-play-services-auth:1.2.0-rc01] AndroidManifest.xml:29:13-31:104
210                android:name="androidx.credentials.CREDENTIAL_PROVIDER_KEY"
210-->[androidx.credentials:credentials-play-services-auth:1.2.0-rc01] AndroidManifest.xml:30:17-76
211                android:value="androidx.credentials.playservices.CredentialProviderPlayServicesImpl" />
211-->[androidx.credentials:credentials-play-services-auth:1.2.0-rc01] AndroidManifest.xml:31:17-101
212        </service>
213
214        <activity
214-->[androidx.credentials:credentials-play-services-auth:1.2.0-rc01] AndroidManifest.xml:34:9-41:20
215            android:name="androidx.credentials.playservices.HiddenActivity"
215-->[androidx.credentials:credentials-play-services-auth:1.2.0-rc01] AndroidManifest.xml:35:13-76
216            android:configChanges="orientation|screenSize|screenLayout|keyboardHidden"
216-->[androidx.credentials:credentials-play-services-auth:1.2.0-rc01] AndroidManifest.xml:36:13-87
217            android:enabled="true"
217-->[androidx.credentials:credentials-play-services-auth:1.2.0-rc01] AndroidManifest.xml:37:13-35
218            android:exported="false"
218-->[androidx.credentials:credentials-play-services-auth:1.2.0-rc01] AndroidManifest.xml:38:13-37
219            android:fitsSystemWindows="true"
219-->[androidx.credentials:credentials-play-services-auth:1.2.0-rc01] AndroidManifest.xml:39:13-45
220            android:theme="@style/Theme.Hidden" >
220-->[androidx.credentials:credentials-play-services-auth:1.2.0-rc01] AndroidManifest.xml:40:13-48
221        </activity>
222        <activity
222-->[androidx.compose.ui:ui-tooling-android:1.5.0] AndroidManifest.xml:23:9-25:39
223            android:name="androidx.compose.ui.tooling.PreviewActivity"
223-->[androidx.compose.ui:ui-tooling-android:1.5.0] AndroidManifest.xml:24:13-71
224            android:exported="true" />
224-->[androidx.compose.ui:ui-tooling-android:1.5.0] AndroidManifest.xml:25:13-36
225        <activity
225-->[androidx.compose.ui:ui-test-manifest:1.5.0] AndroidManifest.xml:23:9-25:39
226            android:name="androidx.activity.ComponentActivity"
226-->[androidx.compose.ui:ui-test-manifest:1.5.0] AndroidManifest.xml:24:13-63
227            android:exported="true" />
227-->[androidx.compose.ui:ui-test-manifest:1.5.0] AndroidManifest.xml:25:13-36
228
229        <receiver
229-->[com.google.android.gms:play-services-measurement:22.0.2] AndroidManifest.xml:29:9-33:20
230            android:name="com.google.android.gms.measurement.AppMeasurementReceiver"
230-->[com.google.android.gms:play-services-measurement:22.0.2] AndroidManifest.xml:30:13-85
231            android:enabled="true"
231-->[com.google.android.gms:play-services-measurement:22.0.2] AndroidManifest.xml:31:13-35
232            android:exported="false" >
232-->[com.google.android.gms:play-services-measurement:22.0.2] AndroidManifest.xml:32:13-37
233        </receiver>
234
235        <service
235-->[com.google.android.gms:play-services-measurement:22.0.2] AndroidManifest.xml:35:9-38:40
236            android:name="com.google.android.gms.measurement.AppMeasurementService"
236-->[com.google.android.gms:play-services-measurement:22.0.2] AndroidManifest.xml:36:13-84
237            android:enabled="true"
237-->[com.google.android.gms:play-services-measurement:22.0.2] AndroidManifest.xml:37:13-35
238            android:exported="false" />
238-->[com.google.android.gms:play-services-measurement:22.0.2] AndroidManifest.xml:38:13-37
239        <service
239-->[com.google.android.gms:play-services-measurement:22.0.2] AndroidManifest.xml:39:9-43:72
240            android:name="com.google.android.gms.measurement.AppMeasurementJobService"
240-->[com.google.android.gms:play-services-measurement:22.0.2] AndroidManifest.xml:40:13-87
241            android:enabled="true"
241-->[com.google.android.gms:play-services-measurement:22.0.2] AndroidManifest.xml:41:13-35
242            android:exported="false"
242-->[com.google.android.gms:play-services-measurement:22.0.2] AndroidManifest.xml:42:13-37
243            android:permission="android.permission.BIND_JOB_SERVICE" />
243-->[com.google.android.gms:play-services-measurement:22.0.2] AndroidManifest.xml:43:13-69
244
245        <provider
245-->[com.google.firebase:firebase-common:21.0.0] AndroidManifest.xml:23:9-28:39
246            android:name="com.google.firebase.provider.FirebaseInitProvider"
246-->[com.google.firebase:firebase-common:21.0.0] AndroidManifest.xml:24:13-77
247            android:authorities="kr.ac.kpu.green_us.firebaseinitprovider"
247-->[com.google.firebase:firebase-common:21.0.0] AndroidManifest.xml:25:13-72
248            android:directBootAware="true"
248-->[com.google.firebase:firebase-common:21.0.0] AndroidManifest.xml:26:13-43
249            android:exported="false"
249-->[com.google.firebase:firebase-common:21.0.0] AndroidManifest.xml:27:13-37
250            android:initOrder="100" />
250-->[com.google.firebase:firebase-common:21.0.0] AndroidManifest.xml:28:13-36
251
252        <activity
252-->[com.google.android.gms:play-services-auth:20.7.0] AndroidManifest.xml:23:9-27:75
253            android:name="com.google.android.gms.auth.api.signin.internal.SignInHubActivity"
253-->[com.google.android.gms:play-services-auth:20.7.0] AndroidManifest.xml:24:13-93
254            android:excludeFromRecents="true"
254-->[com.google.android.gms:play-services-auth:20.7.0] AndroidManifest.xml:25:13-46
255            android:exported="false"
255-->[com.google.android.gms:play-services-auth:20.7.0] AndroidManifest.xml:26:13-37
256            android:theme="@android:style/Theme.Translucent.NoTitleBar" />
256-->[com.google.android.gms:play-services-auth:20.7.0] AndroidManifest.xml:27:13-72
257        <!--
258            Service handling Google Sign-In user revocation. For apps that do not integrate with
259            Google Sign-In, this service will never be started.
260        -->
261        <service
261-->[com.google.android.gms:play-services-auth:20.7.0] AndroidManifest.xml:33:9-37:51
262            android:name="com.google.android.gms.auth.api.signin.RevocationBoundService"
262-->[com.google.android.gms:play-services-auth:20.7.0] AndroidManifest.xml:34:13-89
263            android:exported="true"
263-->[com.google.android.gms:play-services-auth:20.7.0] AndroidManifest.xml:35:13-36
264            android:permission="com.google.android.gms.auth.api.signin.permission.REVOCATION_NOTIFICATION"
264-->[com.google.android.gms:play-services-auth:20.7.0] AndroidManifest.xml:36:13-107
265            android:visibleToInstantApps="true" />
265-->[com.google.android.gms:play-services-auth:20.7.0] AndroidManifest.xml:37:13-48
266
267        <activity
267-->[com.google.android.gms:play-services-base:18.0.1] AndroidManifest.xml:20:9-22:45
268            android:name="com.google.android.gms.common.api.GoogleApiActivity"
268-->[com.google.android.gms:play-services-base:18.0.1] AndroidManifest.xml:20:19-85
269            android:exported="false"
269-->[com.google.android.gms:play-services-base:18.0.1] AndroidManifest.xml:22:19-43
270            android:theme="@android:style/Theme.Translucent.NoTitleBar" />
270-->[com.google.android.gms:play-services-base:18.0.1] AndroidManifest.xml:21:19-78
271
272        <provider
272-->[androidx.emoji2:emoji2:1.4.0] AndroidManifest.xml:24:9-32:20
273            android:name="androidx.startup.InitializationProvider"
273-->[androidx.emoji2:emoji2:1.4.0] AndroidManifest.xml:25:13-67
274            android:authorities="kr.ac.kpu.green_us.androidx-startup"
274-->[androidx.emoji2:emoji2:1.4.0] AndroidManifest.xml:26:13-68
275            android:exported="false" >